timestamp: 2015-08-31T12:46:36.811440
CREATE TABLE auth_user(
    id INTEGER PRIMARY KEY AUTOINCREMENT,
    first_name CHAR(128),
    last_name CHAR(128),
    email CHAR(512),
    password CHAR(512),
    registration_key CHAR(512),
    reset_password_key CHAR(512),
    registration_id CHAR(512)
);
success!
timestamp: 2015-08-31T12:46:36.820364
CREATE TABLE auth_group(
    id INTEGER PRIMARY KEY AUTOINCREMENT,
    role CHAR(512),
    description TEXT
);
success!
timestamp: 2015-08-31T12:46:36.827143
CREATE TABLE auth_membership(
    id INTEGER PRIMARY KEY AUTOINCREMENT,
    user_id INTEGER REFERENCES auth_user (id) ON DELETE CASCADE,
    group_id INTEGER REFERENCES auth_group (id) ON DELETE CASCADE
);
success!
timestamp: 2015-08-31T12:46:36.834702
CREATE TABLE auth_permission(
    id INTEGER PRIMARY KEY AUTOINCREMENT,
    group_id INTEGER REFERENCES auth_group (id) ON DELETE CASCADE,
    name CHAR(512),
    table_name CHAR(512),
    record_id INTEGER
);
success!
timestamp: 2015-08-31T12:46:36.840913
CREATE TABLE auth_event(
    id INTEGER PRIMARY KEY AUTOINCREMENT,
    time_stamp TIMESTAMP,
    client_ip CHAR(512),
    user_id INTEGER REFERENCES auth_user (id) ON DELETE CASCADE,
    origin CHAR(512),
    description TEXT
);
success!
timestamp: 2015-08-31T12:46:36.850103
CREATE TABLE auth_cas(
    id INTEGER PRIMARY KEY AUTOINCREMENT,
    user_id INTEGER REFERENCES auth_user (id) ON DELETE CASCADE,
    created_on TIMESTAMP,
    service CHAR(512),
    ticket CHAR(512),
    renew CHAR(1)
);
success!
timestamp: 2015-08-31T14:09:11.604138
CREATE TABLE twitter(
    id INTEGER PRIMARY KEY AUTOINCREMENT,
    screenname CHAR(512),
    password CHAR(512)
);
success!
success!
success!
success!
success!
success!
success!
success!
success!
success!
success!
timestamp: 2015-09-08T21:33:23.462583
ALTER TABLE twitter ADD searchname CHAR(512);
success!
success!
success!
success!
success!
success!
success!
success!
success!
success!
success!
success!
success!
success!
success!
success!
success!
success!
success!
success!
timestamp: 2015-09-08T21:45:20.466087
ALTER TABLE twitter ADD username CHAR(512);
success!
success!
success!
success!
success!
success!
success!
success!
success!
success!
success!
success!
success!
success!
success!
success!
success!
success!
success!
success!
success!
success!
success!
success!
success!
success!
success!
success!
success!
success!
success!
success!
success!
success!
success!
success!
success!
success!
success!
success!
success!
success!
success!
success!
success!
success!
success!
success!
success!
success!
success!
success!
success!
success!
success!
success!
success!
success!
success!
success!
success!
success!
success!
success!
success!
success!
success!
success!
success!
success!
success!
success!
success!
success!
success!
success!
success!
success!
success!
success!
success!
success!
success!
success!
success!
success!
success!
success!
success!
success!
success!
success!
success!
success!
success!
success!
success!
success!
success!
success!
success!
success!
success!
success!
success!
success!
success!
success!
success!
success!
success!
success!
success!
success!
success!
success!
success!
success!
success!
success!
success!
success!
success!
success!
success!
success!
success!
success!
success!
success!
success!
success!
success!
success!
success!
success!
success!
success!
success!
success!
success!
success!
success!
success!
success!
success!
success!
success!
success!
success!
success!
success!
success!
success!
success!
success!
success!
success!
success!
success!
success!
success!
success!
success!
success!
success!
success!
success!
success!
success!
success!
success!
success!
success!
success!
success!
success!
success!
success!
success!
success!
success!
success!
success!
success!
success!
success!
success!
success!
success!
success!
success!
success!
success!
success!
success!
success!
success!
success!
success!
success!
success!
success!
success!
success!
success!
success!
success!
success!
success!
success!
success!
success!
success!
success!
success!
success!
success!
success!
success!
success!
success!
success!
success!
success!
success!
success!
success!
success!
success!
success!
success!
success!
success!
success!
success!
success!
success!
success!
success!
success!
success!
success!
success!
success!
success!
success!
success!
success!
success!
success!
success!
success!
success!
success!
success!
success!
success!
success!
success!
success!
success!
success!
success!
success!
success!
success!
success!
success!
success!
success!
success!
success!
success!
success!
success!
success!
success!
success!
success!
success!
success!
success!
success!
success!
success!
success!
success!
success!
success!
success!
success!
success!
success!
success!
success!
success!
success!
success!
success!
success!
success!
success!
success!
success!
success!
success!
success!
success!
success!
success!
success!
success!
success!
success!
success!
success!
success!
success!
success!
success!
success!
success!
success!
success!
success!
success!
success!
success!
success!
success!
success!
success!
success!
success!
success!
success!
success!
success!
success!
success!
success!
success!
success!
success!
success!
success!
success!
success!
success!
success!
success!
success!
success!
success!
success!
success!
success!
success!
success!
success!
success!
success!
success!
success!
success!
success!
success!
success!
success!
success!
success!
success!
success!
success!
success!
success!
success!
success!
success!
success!
success!
success!
success!
success!
success!
success!
success!
success!
success!
success!
success!
success!
success!
success!
success!
success!
success!
success!
success!
success!
success!
success!
success!
success!
success!
success!
success!
success!
success!
success!
success!
success!
success!
success!
success!
success!
success!
success!
success!
success!
success!
success!
success!
success!
success!
success!
success!
success!
success!
success!
success!
success!
success!
success!
success!
success!
success!
success!
success!
success!
success!
success!
success!
success!
success!
success!
success!
success!
success!
success!
success!
success!
success!
success!
success!
success!
success!
success!
success!
success!
success!
success!
success!
success!
success!
success!
success!
success!
success!
success!
success!
success!
success!
success!
success!
success!
success!
success!
success!
success!
success!
success!
success!
success!
success!
success!
success!
success!
success!
success!
success!
success!
success!
success!
success!
success!
success!
success!
success!
success!
success!
success!
success!
success!
success!
success!
success!
success!
success!
success!
success!
success!
success!
success!
success!
success!
success!
success!
success!
success!
success!
success!
success!
success!
success!
success!
success!
success!
success!
success!
success!
success!
success!
success!
success!
success!
success!
success!
success!
success!
success!
success!
success!
success!
success!
success!
success!
success!
success!
success!
success!
success!
success!
success!
success!
success!
success!
success!
success!
success!
success!
success!
success!
success!
success!
success!
success!
success!
success!
success!
success!
success!
success!
success!
success!
success!
success!
success!
success!
success!
success!
success!
success!
success!
success!
success!
success!
success!
success!
success!
success!
success!
success!
success!
success!
success!
success!
success!
success!
success!
success!
success!
success!
success!
success!
success!
success!
success!
success!
success!
success!
success!
success!
success!
success!
success!
success!
success!
success!
success!
success!
success!
success!
success!
success!
success!
success!
success!
success!
success!
success!
success!
success!
success!
success!
success!
success!
success!
success!
success!
success!
success!
success!
success!
success!
success!
success!
success!
success!
success!
success!
success!
success!
success!
success!
success!
success!
success!
success!
success!
success!
success!
success!
success!
success!
success!
success!
success!
success!
success!
success!
success!
success!
success!
success!
success!
success!
success!
success!
success!
success!
success!
success!
success!
success!
success!
success!
success!
success!
success!
success!
success!
success!
success!
success!
success!
success!
success!
success!
success!
success!
success!
success!
success!
success!
success!
success!
success!
success!
success!
success!
success!
success!
success!
success!
success!
success!
success!
success!
success!
success!
success!
success!
success!
success!
success!
success!
success!
success!
success!
success!
success!
success!
success!
success!
success!
success!
success!
success!
success!
success!
success!
success!
success!
success!
success!
success!
success!
success!
success!
success!
success!
success!
success!
success!
success!
success!
success!
success!
success!
success!
success!
success!
success!
success!
success!
success!
success!
success!
success!
success!
success!
success!
success!
success!
success!
success!
success!
success!
success!
success!
success!
success!
success!
success!
success!
success!
success!
success!
success!
success!
success!
success!
success!
success!
success!
success!
success!
success!
success!
success!
success!
success!
success!
success!
success!
success!
success!
success!
success!
success!
success!
success!
success!
success!
success!
success!
success!
success!
success!
success!
success!
success!
success!
success!
success!
success!
success!
success!
success!
success!
success!
success!
success!
success!
success!
success!
success!
success!
success!
success!
success!
success!
success!
success!
success!
success!
success!
success!
success!
success!
success!
success!
success!
success!
success!
success!
success!
success!
success!
success!
success!
success!
success!
success!
success!
success!
success!
success!
success!
success!
success!
success!
success!
success!
success!
success!
success!
success!
success!
success!
success!
success!
success!
success!
success!
success!
success!
success!
success!
success!
success!
success!
success!
success!
success!
success!
success!
success!
success!
success!
success!
success!
success!
success!
success!
success!
success!
success!
success!
success!
success!
success!
success!
success!
success!
success!
success!
success!
success!
success!
success!
success!
success!
success!
success!
success!
success!
success!
success!
success!
success!
success!
success!
success!
success!
success!
success!
success!
success!
success!
success!
success!
success!
success!
success!
success!
success!
success!
success!
success!
success!
success!
success!
success!
success!
success!
success!
success!
success!
success!
success!
success!
success!
success!
success!
success!
success!
success!
success!
success!
success!
success!
success!
success!
success!
success!
success!
success!
success!
success!
success!
success!
success!
success!
success!
success!
success!
success!
success!
success!
success!
success!
success!
success!
success!
success!
success!
success!
success!
success!
success!
success!
success!
success!
success!
success!
success!
success!
success!
success!
success!
success!
success!
success!
success!
success!
success!
success!
success!
success!
success!
success!
success!
success!
success!
success!
success!
success!
success!
success!
success!
success!
success!
success!
success!
success!
success!
success!
success!
success!
success!
success!
success!
success!
success!
success!
success!
success!
success!
success!
success!
success!
success!
success!
success!
success!
success!
success!
success!
success!
success!
success!
success!
success!
success!
success!
success!
success!
success!
success!
success!
success!
success!
success!
success!
success!
success!
success!
success!
success!
success!
success!
success!
success!
success!
success!
success!
success!
success!
success!
success!
success!
success!
success!
success!
success!
success!
success!
success!
success!
success!
success!
success!
success!
success!
success!
success!
success!
success!
success!
success!
success!
success!
success!
success!
success!
success!
success!
success!
success!
success!
success!
success!
success!
success!
success!
success!
success!
success!
success!
success!
success!
success!
success!
success!
success!
success!
success!
success!
success!
success!
success!
success!
success!
success!
success!
success!
success!
success!
success!
success!
success!
success!
success!
success!
success!
success!
success!
success!
success!
success!
success!
success!
success!
success!
success!
success!
success!
success!
success!
success!
success!
success!
success!
success!
success!
success!
success!
success!
success!
success!
success!
success!
success!
success!
success!
success!
success!
success!
success!
success!
success!
success!
success!
success!
success!
success!
success!
success!
success!
success!
success!
success!
success!
success!
success!
success!
success!
success!
success!
success!
success!
success!
success!
success!
success!
success!
success!
success!
success!
success!
success!
success!
success!
success!
success!
success!
success!
success!
success!
success!
success!
success!
success!
success!
success!
success!
success!
success!
success!
success!
success!
success!
success!
success!
success!
success!
success!
success!
success!
success!
success!
success!
success!
success!
success!
success!
success!
success!
success!
success!
success!
success!
success!
success!
success!
success!
success!
success!
success!
success!
success!
success!
success!
success!
success!
success!
success!
success!
success!
success!
success!
success!
success!
success!
success!
success!
success!
success!
success!
success!
success!
success!
success!
success!
success!
success!
success!
success!
success!
success!
success!
success!
success!
success!
success!
success!
success!
success!
success!
success!
success!
success!
success!
success!
success!
success!
success!
success!
success!
success!
success!
success!
success!
success!
success!
success!
success!
success!
success!
success!
success!
success!
success!
success!
success!
success!
success!
success!
success!
success!
success!
success!
success!
success!
success!
success!
success!
success!
success!
success!
success!
success!
success!
success!
success!
success!
success!
success!
success!
success!
success!
success!
success!
success!
success!
success!
success!
success!
success!
success!
success!
success!
success!
success!
success!
success!
success!
success!
success!
success!
success!
success!
success!
success!
success!
success!
success!
success!
success!
success!
success!
success!
success!
success!
success!
success!
success!
success!
success!
success!
success!
success!
success!
success!
success!
success!
success!
success!
success!
success!
success!
success!
success!
success!
success!
success!
success!
success!
success!
success!
success!
success!
success!
success!
success!
success!
success!
success!
success!
success!
success!
success!
success!
success!
success!
success!
success!
success!
success!
success!
success!
success!
success!
success!
success!
success!
success!
success!
success!
success!
success!
success!
success!
success!
success!
success!
success!
success!
success!
success!
success!
success!
success!
success!
success!
success!
success!
success!
success!
success!
success!
success!
success!
success!
success!
success!
success!
success!
success!
success!
success!
success!
success!
success!
success!
success!
success!
success!
success!
success!
success!
success!
success!
success!
success!
success!
success!
success!
success!
success!
success!
success!
success!
success!
success!
success!
success!
success!
success!
success!
success!
success!
success!
success!
success!
success!
success!
success!
success!
success!
success!
success!
success!
success!
success!
success!
success!
success!
success!
success!
success!
success!
success!
success!
success!
success!
success!
success!
success!
success!
success!
success!
success!
success!
success!
success!
success!
success!
success!
success!
success!
success!
success!
success!
success!
success!
success!
success!
success!
success!
success!
success!
success!
success!
success!
success!
success!
success!
success!
success!
success!
success!
success!
success!
success!
success!
success!
success!
success!
success!
success!
success!
success!
success!
success!
success!
success!
success!
success!
success!
success!
success!
success!
success!
success!
success!
success!
success!
success!
success!
success!
success!
success!
success!
success!
success!
success!
success!
success!
success!
